########### array before sorts ###########
0	5.590169	0.000000	39.409831	0.000000	n
1	39.409831	0.000000	40.856673	0.190480	n
2	40.856673	0.190480	42.204916	0.748941	n
3	42.204916	0.748941	43.362677	1.637322	n
4	43.362677	1.637322	44.251059	2.795084	n
5	44.251059	2.795084	44.809520	4.143327	n
6	44.809520	4.143327	45.000000	5.590169	n
7	45.000000	5.590169	45.000000	39.409831	n
8	45.000000	39.409831	44.809520	40.856673	n
9	44.809520	40.856673	44.251059	42.204916	n
10	44.251059	42.204916	43.362677	43.362677	n
11	43.362677	43.362677	42.204916	44.251059	n
12	42.204916	44.251059	40.856673	44.809520	n
13	40.856673	44.809520	39.409831	45.000000	n
14	39.409831	45.000000	5.590169	45.000000	n
15	5.590169	45.000000	4.143327	44.809520	n
16	4.143327	44.809520	2.795084	44.251059	n
17	2.795084	44.251059	1.637323	43.362677	n
18	1.637323	43.362677	0.748941	42.204916	n
19	0.748941	42.204916	0.190480	40.856673	n
20	0.190480	40.856673	0.000000	39.409831	n
21	0.000000	39.409831	0.000000	5.590169	n
22	0.000000	5.590169	0.190480	4.143327	n
23	0.190480	4.143327	0.748941	2.795084	n
24	0.748941	2.795084	1.637323	1.637323	n
25	1.637323	1.637323	2.795084	0.748941	n
26	2.795084	0.748941	4.143327	0.190480	n
27	4.143327	0.190480	5.590169	0.000000	n
Tolerance=0.050000.
*Exact match for i=0 and j=1.
*i point 5.590169	0.000000	39.409831	0.000000	y
*Exact match for i=1 and j=2.
*i point 39.409831	0.000000	40.856673	0.190480	y
*Exact match for i=2 and j=3.
*i point 40.856673	0.190480	42.204916	0.748941	y
*Exact match for i=3 and j=4.
*i point 42.204916	0.748941	43.362677	1.637322	y
*Exact match for i=4 and j=5.
*i point 43.362677	1.637322	44.251059	2.795084	y
*Exact match for i=5 and j=6.
*i point 44.251059	2.795084	44.809520	4.143327	y
*Exact match for i=6 and j=7.
*i point 44.809520	4.143327	45.000000	5.590169	y
*Exact match for i=7 and j=8.
*i point 45.000000	5.590169	45.000000	39.409831	y
*Exact match for i=8 and j=9.
*i point 45.000000	39.409831	44.809520	40.856673	y
*Exact match for i=9 and j=10.
*i point 44.809520	40.856673	44.251059	42.204916	y
*Exact match for i=10 and j=11.
*i point 44.251059	42.204916	43.362677	43.362677	y
*Exact match for i=11 and j=12.
*i point 43.362677	43.362677	42.204916	44.251059	y
*Exact match for i=12 and j=13.
*i point 42.204916	44.251059	40.856673	44.809520	y
*Exact match for i=13 and j=14.
*i point 40.856673	44.809520	39.409831	45.000000	y
*Exact match for i=14 and j=15.
*i point 39.409831	45.000000	5.590169	45.000000	y
*Exact match for i=15 and j=16.
*i point 5.590169	45.000000	4.143327	44.809520	y
*Exact match for i=16 and j=17.
*i point 4.143327	44.809520	2.795084	44.251059	y
*Exact match for i=17 and j=18.
*i point 2.795084	44.251059	1.637323	43.362677	y
*Exact match for i=18 and j=19.
*i point 1.637323	43.362677	0.748941	42.204916	y
*Exact match for i=19 and j=20.
*i point 0.748941	42.204916	0.190480	40.856673	y
*Exact match for i=20 and j=21.
*i point 0.190480	40.856673	0.000000	39.409831	y
*Exact match for i=21 and j=22.
*i point 0.000000	39.409831	0.000000	5.590169	y
*Exact match for i=22 and j=23.
*i point 0.000000	5.590169	0.190480	4.143327	y
*Exact match for i=23 and j=24.
*i point 0.190480	4.143327	0.748941	2.795084	y
*Exact match for i=24 and j=25.
*i point 0.748941	2.795084	1.637323	1.637323	y
*Exact match for i=25 and j=26.
*i point 1.637323	1.637323	2.795084	0.748941	y
*Exact match for i=26 and j=27.
*i point 2.795084	0.748941	4.143327	0.190480	y
########### array after sorts ###########
0	5.590169	0.000000	39.409831	0.000000	y
1	39.409831	0.000000	40.856673	0.190480	y
2	40.856673	0.190480	42.204916	0.748941	y
3	42.204916	0.748941	43.362677	1.637322	y
4	43.362677	1.637322	44.251059	2.795084	y
5	44.251059	2.795084	44.809520	4.143327	y
6	44.809520	4.143327	45.000000	5.590169	y
7	45.000000	5.590169	45.000000	39.409831	y
8	45.000000	39.409831	44.809520	40.856673	y
9	44.809520	40.856673	44.251059	42.204916	y
10	44.251059	42.204916	43.362677	43.362677	y
11	43.362677	43.362677	42.204916	44.251059	y
12	42.204916	44.251059	40.856673	44.809520	y
13	40.856673	44.809520	39.409831	45.000000	y
14	39.409831	45.000000	5.590169	45.000000	y
15	5.590169	45.000000	4.143327	44.809520	y
16	4.143327	44.809520	2.795084	44.251059	y
17	2.795084	44.251059	1.637323	43.362677	y
18	1.637323	43.362677	0.748941	42.204916	y
19	0.748941	42.204916	0.190480	40.856673	y
20	0.190480	40.856673	0.000000	39.409831	y
21	0.000000	39.409831	0.000000	5.590169	y
22	0.000000	5.590169	0.190480	4.143327	y
23	0.190480	4.143327	0.748941	2.795084	y
24	0.748941	2.795084	1.637323	1.637323	y
25	1.637323	1.637323	2.795084	0.748941	y
26	2.795084	0.748941	4.143327	0.190480	y
27	4.143327	0.190480	5.590169	0.000000	y
***************
.BOARD_OUTLINE UNOWNED
1.6
0     5.590169     0.000000     0
0     39.409831     0.000000     0
0     40.856673     0.190480     0
0     42.204916     0.748941     0
0     43.362677     1.637322     0
0     44.251059     2.795084     0
0     44.809520     4.143327     0
0     45.000000     5.590169     0
0     45.000000     39.409831     0
0     44.809520     40.856673     0
0     44.251059     42.204916     0
0     43.362677     43.362677     0
0     42.204916     44.251059     0
0     40.856673     44.809520     0
0     39.409831     45.000000     0
0     5.590169     45.000000     0
0     4.143327     44.809520     0
0     2.795084     44.251059     0
0     1.637323     43.362677     0
0     0.748941     42.204916     0
0     0.190480     40.856673     0
0     0.000000     39.409831     0
0     0.000000     5.590169     0
0     0.190480     4.143327     0
0     0.748941     2.795084     0
0     1.637323     1.637323     0
0     2.795084     0.748941     0
0     4.143327     0.190480     0
0     5.590169     0.000000     0
